<?xml version="1.0" encoding="UTF-8"?>
<!-- Generated by org.testng.reporters.JUnitReportReporter -->
<testsuite hostname="MacBook-Pro.local" failures="0" tests="1" name="HomePageSmokeTest" time="13.032" errors="0" timestamp="2021-02-28T17:11:04 EST" skipped="0">
  <testcase classname="HomePageSmokeTest" name="HomePageButtons" time="13.032"/>
  <system-out/>
</testsuite> <!-- HomePageSmokeTest -->
