<?xml version="1.0" encoding="UTF-8"?>
<!-- Generated by org.testng.reporters.JUnitReportReporter -->
<testsuite hostname="MacBook-Pro.local" failures="0" tests="1" name="HomePageSmokeTest" time="12.673" errors="0" timestamp="2021-03-01T11:47:13 EST" skipped="0">
  <testcase classname="HomePageSmokeTest" name="HomePageButtons" time="12.673"/>
  <system-out/>
</testsuite> <!-- HomePageSmokeTest -->
