<?xml version="1.0" encoding="UTF-8"?>
<!-- Generated by org.testng.reporters.JUnitReportReporter -->
<testsuite hostname="MacBook-Pro.local" failures="0" tests="1" name="HomePageSmokeTest" time="0.004" errors="0" timestamp="2021-08-03T11:06:33 EDT" skipped="0">
  <testcase classname="HomePageSmokeTest" name="HomePageButtons" time="0.004"/>
  <system-out/>
</testsuite> <!-- HomePageSmokeTest -->
